{
  "RSpec": {
    "coverage": {
      "/home/rizalraisyad/YABB/weeks1/abstractionandEncapsulation/sesion1/rspec_Modul4_sesi2/spec/increment_array_spec.rb": {
        "lines": [
          1,
          null,
          1,
          1,
          1,
          null,
          1,
          null,
          1,
          null,
          1,
          1,
          null,
          1,
          null,
          1,
          null,
          null,
          1,
          1,
          null,
          1,
          null,
          1,
          null,
          null,
          1,
          1,
          null,
          1,
          null,
          1,
          null,
          null,
          1,
          1,
          null,
          1,
          null,
          1,
          null,
          null,
          1,
          1,
          null,
          1,
          null,
          1,
          null,
          null,
          1,
          1,
          null,
          1,
          null,
          1,
          null,
          null
        ]
      },
      "/home/rizalraisyad/YABB/weeks1/abstractionandEncapsulation/sesion1/rspec_Modul4_sesi2/src/increment_array.rb": {
        "lines": [
          1,
          1,
          7,
          7,
          7,
          7,
          14,
          14,
          14,
          7,
          4,
          4,
          null,
          7,
          7,
          3,
          3,
          null,
          null,
          14,
          null,
          7,
          null,
          null
        ]
      }
    },
    "timestamp": 1627556207
  }
}
